<?xml version="1.0" encoding="UTF-8"?>
<testsuite name="hello.servlet.basic.domain.member.MemberRepositoryTest" tests="2" skipped="0" failures="0" errors="0" timestamp="2023-04-10T11:37:16" hostname="gimminseong-ui-MacBookAir.local" time="0.048">
  <properties/>
  <testcase name="findAll()" classname="hello.servlet.basic.domain.member.MemberRepositoryTest" time="0.047"/>
  <testcase name="save()" classname="hello.servlet.basic.domain.member.MemberRepositoryTest" time="0.001"/>
  <system-out><![CDATA[]]></system-out>
  <system-err><![CDATA[]]></system-err>
</testsuite>
